<?xml version="1.0" encoding="UTF-8"?>
<robot generator="Robot 7.3.2 (Python 3.13.7 on win32)" generated="2025-12-11T19:14:01.790127" rpa="false" schemaversion="5">
<suite id="s1" name="Login Booking" source="D:\5\Test Golf\booking_tests\login_booking.robot">
<test id="s1-t1" name="Tc4002" line="9">
<kw name="Open Browser And Login" owner="TC-4002_login_booking">
<kw name="Open Browser" owner="SeleniumLibrary">
<msg time="2025-12-11T19:14:01.949077" level="INFO">Opening browser 'Chrome' to base url 'http://localhost:5173'.</msg>
<msg time="2025-12-11T19:14:02.027670" level="WARN">The chromedriver version (142.0.7444.59) detected in PATH at chromedriver.EXE might not be compatible with the detected chrome version (143.0.7499.40); currently, chromedriver 143.0.7499.42 is recommended for chrome 143.*, so it is advised to delete the driver in PATH and retry</msg>
<arg>http://${SERVER}</arg>
<arg>${BROWSER}</arg>
<doc>Opens a new browser instance to the optional ``url``.</doc>
<status status="PASS" start="2025-12-11T19:14:01.948852" elapsed="1.606011"/>
</kw>
<kw name="Set Selenium Speed" owner="SeleniumLibrary">
<arg>${DELAY}</arg>
<doc>Sets the delay that is waited after each Selenium command.</doc>
<status status="PASS" start="2025-12-11T19:14:03.555105" elapsed="0.000299"/>
</kw>
<kw name="Maximize Browser Window" owner="SeleniumLibrary">
<doc>Maximizes current browser window.</doc>
<status status="PASS" start="2025-12-11T19:14:03.555644" elapsed="0.252604"/>
</kw>
<kw name="Wait Until Element Is Visible" owner="SeleniumLibrary">
<arg>xpath://a[text()='Join Us']</arg>
<doc>Waits until the element ``locator`` is visible.</doc>
<status status="PASS" start="2025-12-11T19:14:03.808410" elapsed="0.026613"/>
</kw>
<kw name="Click Element" owner="SeleniumLibrary">
<msg time="2025-12-11T19:14:03.835360" level="INFO">Clicking element 'xpath://a[text()='Join Us']'.</msg>
<arg>xpath://a[text()='Join Us']</arg>
<doc>Click the element identified by ``locator``.</doc>
<status status="PASS" start="2025-12-11T19:14:03.835177" elapsed="0.053469"/>
</kw>
<kw name="Wait Until Element Is Visible" owner="SeleniumLibrary">
<arg>xpath://a[text()='เข้าสู่ระบบ']</arg>
<doc>Waits until the element ``locator`` is visible.</doc>
<status status="PASS" start="2025-12-11T19:14:03.888854" elapsed="0.222295"/>
</kw>
<kw name="Click Element" owner="SeleniumLibrary">
<msg time="2025-12-11T19:14:04.111485" level="INFO">Clicking element 'xpath://a[contains(text(), 'เข้าสู่ระบบ')]'.</msg>
<arg>xpath://a[contains(text(), 'เข้าสู่ระบบ')]</arg>
<doc>Click the element identified by ``locator``.</doc>
<status status="PASS" start="2025-12-11T19:14:04.111323" elapsed="0.047734"/>
</kw>
<kw name="Wait Until Page Contains" owner="SeleniumLibrary">
<arg>เข้าสู่ระบบผู้ใช้ทั่วไป</arg>
<arg>timeout=10s</arg>
<doc>Waits until ``text`` appears on the current page.</doc>
<status status="PASS" start="2025-12-11T19:14:04.159227" elapsed="0.023300"/>
</kw>
<kw name="Wait Until Element Is Enabled" owner="SeleniumLibrary">
<arg>id:email</arg>
<arg>timeout=10s</arg>
<doc>Waits until the element ``locator`` is enabled.</doc>
<status status="PASS" start="2025-12-11T19:14:04.182680" elapsed="0.017047"/>
</kw>
<kw name="Input Text" owner="SeleniumLibrary">
<msg time="2025-12-11T19:14:04.200086" level="INFO">Typing text 'thiti033@gmail.com' into text field 'id:email'.</msg>
<arg>id:email</arg>
<arg>${VALID_USER}</arg>
<doc>Types the given ``text`` into the text field identified by ``locator``.</doc>
<status status="PASS" start="2025-12-11T19:14:04.199880" elapsed="0.127964"/>
</kw>
<kw name="Input Text" owner="SeleniumLibrary">
<msg time="2025-12-11T19:14:04.328190" level="INFO">Typing text 'Thiti0033' into text field 'id:password'.</msg>
<arg>id:password</arg>
<arg>${VALID_PASS}</arg>
<doc>Types the given ``text`` into the text field identified by ``locator``.</doc>
<status status="PASS" start="2025-12-11T19:14:04.327990" elapsed="0.076090"/>
</kw>
<kw name="Click Button" owner="SeleniumLibrary">
<msg time="2025-12-11T19:14:04.404399" level="INFO">Clicking button 'xpath://button[contains(text(),'เข้าสู่ระบบ')]'.</msg>
<arg>xpath://button[contains(text(),'เข้าสู่ระบบ')]</arg>
<doc>Clicks the button identified by ``locator``.</doc>
<status status="PASS" start="2025-12-11T19:14:04.404243" elapsed="0.059316"/>
</kw>
<kw name="Wait Until Page Contains Element" owner="SeleniumLibrary">
<arg>xpath://button[text()='Book Now']</arg>
<doc>Waits until the element ``locator`` appears on the current page.</doc>
<status status="PASS" start="2025-12-11T19:14:04.463726" elapsed="1.657335"/>
</kw>
<status status="PASS" start="2025-12-11T19:14:01.948253" elapsed="4.172912"/>
</kw>
<kw name="Start Booking Flow" owner="TC-4002_login_booking">
<kw name="Click Button" owner="SeleniumLibrary">
<msg time="2025-12-11T19:14:06.121939" level="INFO">Clicking button 'xpath://button[text()='Book Now']'.</msg>
<arg>xpath://button[text()='Book Now']</arg>
<doc>Clicks the button identified by ``locator``.</doc>
<status status="PASS" start="2025-12-11T19:14:06.121800" elapsed="0.077944"/>
</kw>
<status status="PASS" start="2025-12-11T19:14:06.121496" elapsed="0.078361"/>
</kw>
<kw name="Select Date And Holes" owner="TC-4002_login_booking">
<kw name="Wait Until Element Is Visible" owner="SeleniumLibrary">
<arg>xpath://input[@name='date']</arg>
<arg>10s</arg>
<doc>Waits until the element ``locator`` is visible.</doc>
<status status="PASS" start="2025-12-11T19:14:06.200423" elapsed="0.224237"/>
</kw>
<kw name="Execute Javascript" owner="SeleniumLibrary">
<msg time="2025-12-11T19:14:06.425134" level="INFO">Executing JavaScript:
document.querySelector('input[name="date"]').value='2025-12-12'
Without any arguments.</msg>
<arg>document.querySelector('input[name="date"]').value='2025-12-12'</arg>
<doc>Executes the given JavaScript code with possible arguments.</doc>
<status status="PASS" start="2025-12-11T19:14:06.424806" elapsed="0.003656"/>
</kw>
<status status="PASS" start="2025-12-11T19:14:06.200183" elapsed="0.228467"/>
</kw>
<kw name="Select Time And Continue" owner="TC-4002_login_booking">
<kw name="Wait Until Element Is Enabled" owner="SeleniumLibrary">
<arg>xpath://button[normalize-space(text())='07:45']</arg>
<arg>10s</arg>
<doc>Waits until the element ``locator`` is enabled.</doc>
<status status="PASS" start="2025-12-11T19:14:06.429233" elapsed="0.225022"/>
</kw>
<kw name="Click Button" owner="SeleniumLibrary">
<msg time="2025-12-11T19:14:06.654544" level="INFO">Clicking button 'xpath://button[normalize-space(text())='07:45']'.</msg>
<arg>xpath://button[normalize-space(text())='07:45']</arg>
<doc>Clicks the button identified by ``locator``.</doc>
<status status="PASS" start="2025-12-11T19:14:06.654392" elapsed="0.045572"/>
</kw>
<kw name="Wait Until Element Is Enabled" owner="SeleniumLibrary">
<arg>xpath:(//button[normalize-space(text())='จองต่อ'])</arg>
<arg>10s</arg>
<doc>Waits until the element ``locator`` is enabled.</doc>
<status status="PASS" start="2025-12-11T19:14:06.700219" elapsed="0.015211"/>
</kw>
<kw name="Click Button" owner="SeleniumLibrary">
<msg time="2025-12-11T19:14:06.715724" level="INFO">Clicking button 'xpath:(//button[normalize-space(text())='จองต่อ'])'.</msg>
<arg>xpath:(//button[normalize-space(text())='จองต่อ'])</arg>
<doc>Clicks the button identified by ``locator``.</doc>
<status status="PASS" start="2025-12-11T19:14:06.715569" elapsed="0.057672"/>
</kw>
<status status="PASS" start="2025-12-11T19:14:06.428984" elapsed="0.344417"/>
</kw>
<kw name="Specify Golfers And GroupName" owner="TC-4002_login_booking">
<kw name="Wait Until Element Is Visible" owner="SeleniumLibrary">
<arg>name:groupName</arg>
<arg>10s</arg>
<doc>Waits until the element ``locator`` is visible.</doc>
<status status="PASS" start="2025-12-11T19:14:06.774076" elapsed="0.011825"/>
</kw>
<kw name="Input Text" owner="SeleniumLibrary">
<msg time="2025-12-11T19:14:06.786483" level="INFO">Typing text 'Tiger's Team' into text field 'name:groupName'.</msg>
<arg>name:groupName</arg>
<arg>${GROUP_NAME}</arg>
<doc>Types the given ``text`` into the text field identified by ``locator``.</doc>
<status status="PASS" start="2025-12-11T19:14:06.786057" elapsed="0.100651"/>
</kw>
<kw name="Click Button" owner="SeleniumLibrary">
<msg time="2025-12-11T19:14:06.887253" level="INFO">Clicking button 'xpath://button[text()='จองต่อ']'.</msg>
<arg>xpath://button[text()='จองต่อ']</arg>
<doc>Clicks the button identified by ``locator``.</doc>
<status status="PASS" start="2025-12-11T19:14:06.886908" elapsed="0.085147"/>
</kw>
<status status="PASS" start="2025-12-11T19:14:06.773717" elapsed="0.198513"/>
</kw>
<kw name="Continue To Caddy Selection" owner="TC-4002_login_booking">
<kw name="Wait Until Page Contains" owner="SeleniumLibrary">
<arg>ต้องการเลือกแคดดี้</arg>
<arg>10s</arg>
<doc>Waits until ``text`` appears on the current page.</doc>
<status status="PASS" start="2025-12-11T19:14:06.973014" elapsed="0.011834"/>
</kw>
<kw name="Click Element" owner="SeleniumLibrary">
<msg time="2025-12-11T19:14:06.985181" level="INFO">Clicking element 'id:caddy-selection-toggle'.</msg>
<arg>id:caddy-selection-toggle</arg>
<doc>Click the element identified by ``locator``.</doc>
<status status="PASS" start="2025-12-11T19:14:06.985013" elapsed="0.076206"/>
</kw>
<status status="PASS" start="2025-12-11T19:14:06.972602" elapsed="0.088813"/>
</kw>
<kw name="Select Caddies" owner="TC-4002_login_booking">
<kw name="Wait Until Element Is Enabled" owner="SeleniumLibrary">
<arg>id:caddy-selection-toggle</arg>
<doc>Waits until the element ``locator`` is enabled.</doc>
<status status="PASS" start="2025-12-11T19:14:07.062231" elapsed="0.020411"/>
</kw>
<kw name="Sleep" owner="BuiltIn">
<msg time="2025-12-11T19:14:08.083241" level="INFO">Slept 1 second.</msg>
<arg>1s</arg>
<doc>Pauses the test executed for the given time.</doc>
<status status="PASS" start="2025-12-11T19:14:07.082791" elapsed="1.000540"/>
</kw>
<kw name="Wait Until Element Is Enabled" owner="SeleniumLibrary">
<arg>xpath://p[contains(text(), 'CO1')]</arg>
<arg>10s</arg>
<doc>Waits until the element ``locator`` is enabled.</doc>
<status status="PASS" start="2025-12-11T19:14:08.083463" elapsed="0.014690"/>
</kw>
<kw name="Set Variable" owner="BuiltIn">
<msg time="2025-12-11T19:14:08.098481" level="INFO">${CADDY_LOCATOR} = xpath://p[contains(text(), 'CO1')]</msg>
<var>${CADDY_LOCATOR}</var>
<arg>xpath://p[contains(text(), 'CO1')]</arg>
<doc>Returns the given values which can then be assigned to a variables.</doc>
<status status="PASS" start="2025-12-11T19:14:08.098307" elapsed="0.000203"/>
</kw>
<kw name="Click Element" owner="SeleniumLibrary">
<msg time="2025-12-11T19:14:08.098756" level="INFO">Clicking element 'xpath://p[contains(text(), 'CO1')]'.</msg>
<arg>${CADDY_LOCATOR}</arg>
<doc>Click the element identified by ``locator``.</doc>
<status status="PASS" start="2025-12-11T19:14:08.098605" elapsed="0.060782"/>
</kw>
<status status="PASS" start="2025-12-11T19:14:07.061850" elapsed="1.097744"/>
</kw>
<kw name="Verify Details And Confirm" owner="TC-4002_login_booking">
<kw name="Wait Until Element Is Enabled" owner="SeleniumLibrary">
<arg>xpath://button[normalize-space(text())='ยืนยันการจอง']</arg>
<doc>Waits until the element ``locator`` is enabled.</doc>
<status status="PASS" start="2025-12-11T19:14:08.160257" elapsed="0.022862"/>
</kw>
<kw name="Click Button" owner="SeleniumLibrary">
<msg time="2025-12-11T19:14:08.183537" level="INFO">Clicking button 'xpath://button[normalize-space(text())='ยืนยันการจอง']'.</msg>
<arg>xpath://button[normalize-space(text())='ยืนยันการจอง']</arg>
<doc>Clicks the button identified by ``locator``.</doc>
<status status="PASS" start="2025-12-11T19:14:08.183288" elapsed="0.095444"/>
</kw>
<kw name="Click Button" owner="SeleniumLibrary">
<msg time="2025-12-11T19:14:08.279055" level="INFO">Clicking button 'xpath://button[normalize-space(text())='ดำเนินการชำระเงิน']'.</msg>
<arg>xpath://button[normalize-space(text())='ดำเนินการชำระเงิน']</arg>
<doc>Clicks the button identified by ``locator``.</doc>
<status status="PASS" start="2025-12-11T19:14:08.278880" elapsed="0.053630"/>
</kw>
<kw name="Wait Until Location Contains" owner="SeleniumLibrary">
<arg>checkout.stripe.com</arg>
<arg>60s</arg>
<doc>Waits until the current URL contains ``expected``.</doc>
<status status="PASS" start="2025-12-11T19:14:08.332656" elapsed="2.640908"/>
</kw>
<doc>ยืนยันรายละเอียดการจองและกดปุ่มยืนยัน</doc>
<status status="PASS" start="2025-12-11T19:14:08.159951" elapsed="2.813723"/>
</kw>
<kw name="Proceed To Card Payment" owner="TC-4002_login_booking">
<kw name="Input Text" owner="SeleniumLibrary">
<msg time="2025-12-11T19:14:10.974486" level="INFO">Typing text 'thiti033@gmail.com' into text field 'xpath://input[@name='email']'.</msg>
<arg>xpath://input[@name='email']</arg>
<arg>${VALID_USER}</arg>
<doc>Types the given ``text`` into the text field identified by ``locator``.</doc>
<status status="PASS" start="2025-12-11T19:14:10.974300" elapsed="0.312622"/>
</kw>
<kw name="Wait Until Element Is Visible" owner="SeleniumLibrary">
<arg>id:cardNumber</arg>
<doc>Waits until the element ``locator`` is visible.</doc>
<status status="PASS" start="2025-12-11T19:14:11.287086" elapsed="0.015523"/>
</kw>
<doc>จัดการกับหน้า Stripe Checkout: คลิก Header เพื่อเปิดฟอร์ม, Select Frame และรอ Element</doc>
<status status="PASS" start="2025-12-11T19:14:10.974031" elapsed="0.328672"/>
</kw>
<kw name="Complete Stripe Payment" owner="TC-4002_login_booking">
<kw name="Wait Until Element Is Visible" owner="SeleniumLibrary">
<arg>id:cardNumber</arg>
<doc>Waits until the element ``locator`` is visible.</doc>
<status status="PASS" start="2025-12-11T19:14:11.303309" elapsed="0.012527"/>
</kw>
<kw name="Input Text" owner="SeleniumLibrary">
<msg time="2025-12-11T19:14:11.316255" level="INFO">Typing text '4242 4242 4242 4242' into text field 'id:cardNumber'.</msg>
<arg>id:cardNumber</arg>
<arg>4242 4242 4242 4242</arg>
<doc>Types the given ``text`` into the text field identified by ``locator``.</doc>
<status status="PASS" start="2025-12-11T19:14:11.316043" elapsed="0.286986"/>
</kw>
<kw name="Wait Until Element Is Visible" owner="SeleniumLibrary">
<arg>id:cardExpiry</arg>
<doc>Waits until the element ``locator`` is visible.</doc>
<status status="PASS" start="2025-12-11T19:14:11.603656" elapsed="0.021305"/>
</kw>
<kw name="Input Text" owner="SeleniumLibrary">
<msg time="2025-12-11T19:14:11.625322" level="INFO">Typing text '12 / 29' into text field 'id:cardExpiry'.</msg>
<arg>id:cardExpiry</arg>
<arg>12 / 29</arg>
<doc>Types the given ``text`` into the text field identified by ``locator``.</doc>
<status status="PASS" start="2025-12-11T19:14:11.625129" elapsed="0.155273"/>
</kw>
<kw name="Wait Until Element Is Visible" owner="SeleniumLibrary">
<arg>id:cardCvc</arg>
<doc>Waits until the element ``locator`` is visible.</doc>
<status status="PASS" start="2025-12-11T19:14:11.780615" elapsed="0.013626"/>
</kw>
<kw name="Input Text" owner="SeleniumLibrary">
<msg time="2025-12-11T19:14:11.794571" level="INFO">Typing text '123' into text field 'id:cardCvc'.</msg>
<arg>id:cardCvc</arg>
<arg>123</arg>
<doc>Types the given ``text`` into the text field identified by ``locator``.</doc>
<status status="PASS" start="2025-12-11T19:14:11.794399" elapsed="0.091492"/>
</kw>
<kw name="Wait Until Element Is Visible" owner="SeleniumLibrary">
<arg>id:billingName</arg>
<doc>Waits until the element ``locator`` is visible.</doc>
<status status="PASS" start="2025-12-11T19:14:11.886116" elapsed="0.017076"/>
</kw>
<kw name="Input Text" owner="SeleniumLibrary">
<msg time="2025-12-11T19:14:11.903825" level="INFO">Typing text 'TEST USER' into text field 'id:billingName'.</msg>
<arg>id:billingName</arg>
<arg>TEST USER</arg>
<doc>Types the given ``text`` into the text field identified by ``locator``.</doc>
<status status="PASS" start="2025-12-11T19:14:11.903439" elapsed="0.150111"/>
</kw>
<kw name="Set Variable" owner="BuiltIn">
<msg time="2025-12-11T19:14:12.054136" level="INFO">${PAY_BUTTON_LOCATOR} = xpath://span[text()='Pay']/ancestor::button[1]</msg>
<var>${PAY_BUTTON_LOCATOR}</var>
<arg>xpath://span[text()='Pay']/ancestor::button[1]</arg>
<doc>Returns the given values which can then be assigned to a variables.</doc>
<status status="PASS" start="2025-12-11T19:14:12.053821" elapsed="0.000364"/>
</kw>
<kw name="Wait Until Element Is Enabled" owner="SeleniumLibrary">
<arg>${PAY_BUTTON_LOCATOR}</arg>
<doc>Waits until the element ``locator`` is enabled.</doc>
<status status="PASS" start="2025-12-11T19:14:12.054369" elapsed="0.019978"/>
</kw>
<kw name="Click Element" owner="SeleniumLibrary">
<msg time="2025-12-11T19:14:12.074935" level="INFO">Clicking element 'xpath://span[text()='Pay']/ancestor::button[1]'.</msg>
<arg>${PAY_BUTTON_LOCATOR}</arg>
<doc>Click the element identified by ``locator``.</doc>
<status status="PASS" start="2025-12-11T19:14:12.074615" elapsed="0.075417"/>
</kw>
<kw name="Wait Until Page Contains" owner="SeleniumLibrary">
<arg>ชำระเงินสำเร็จ</arg>
<arg>20s</arg>
<doc>Waits until ``text`` appears on the current page.</doc>
<status status="PASS" start="2025-12-11T19:14:12.150266" elapsed="5.347801"/>
</kw>
<kw name="Close Browser" owner="SeleniumLibrary">
<doc>Closes the current browser.</doc>
<status status="PASS" start="2025-12-11T19:14:17.498223" elapsed="2.174325"/>
</kw>
<doc>กรอกข้อมูลบัตรทดสอบ Stripe และข้อมูลที่จำเป็นอื่นๆ แล้วกด Pay</doc>
<status status="PASS" start="2025-12-11T19:14:11.303091" elapsed="8.369556"/>
</kw>
<status status="PASS" start="2025-12-11T19:14:01.947651" elapsed="17.725485"/>
</test>
<doc>A test suite with a single test for valid booking.

This test has a workflow that is created using keywords in
the imported resource file.</doc>
<status status="PASS" start="2025-12-11T19:14:01.791674" elapsed="17.882797"/>
</suite>
<statistics>
<total>
<stat pass="1" fail="0" skip="0">All Tests</stat>
</total>
<tag>
</tag>
<suite>
<stat name="Login Booking" id="s1" pass="1" fail="0" skip="0">Login Booking</stat>
</suite>
</statistics>
<errors>
<msg time="2025-12-11T19:14:02.027670" level="WARN">The chromedriver version (142.0.7444.59) detected in PATH at chromedriver.EXE might not be compatible with the detected chrome version (143.0.7499.40); currently, chromedriver 143.0.7499.42 is recommended for chrome 143.*, so it is advised to delete the driver in PATH and retry</msg>
</errors>
</robot>
